=== Final Technical with Noise ===
=== Compiling version with noise ===
=== Running with generated image (with noise) ===
=== FINAL TECHNICAL ANALYSIS WITH NOISE ===

=== GPU TECHNICAL SPECIFICATIONS ===
--- GPU 0 ---
Name: Tesla V100-PCIE-16GB
Compute Capability: 7.0
Clock Rate: 1380 MHz
Memory: 16144 MB
Memory Clock: 877 MHz
Memory Bus Width: 4096 bits
Memory Bandwidth: 898.048 GB/s
L2 Cache: 6144 KB
Multiprocessors: 80
Cores per SM: 64
Total Cores: 5120
Warp Size: 32
Max Threads per Block: 1024
Max Threads per MP: 2048
Concurrent Kernels: 1
PCI Bus ID: 97
PCI Device ID: 0
Memory Usage: 8451 MB / 16144 MB
Memory Free: 47%
ECC Enabled: Yes
--- GPU 1 ---
Name: Tesla V100-PCIE-16GB
Compute Capability: 7.0
Clock Rate: 1380 MHz
Memory: 16144 MB
Memory Clock: 877 MHz
Memory Bus Width: 4096 bits
Memory Bandwidth: 898.048 GB/s
L2 Cache: 6144 KB
Multiprocessors: 80
Cores per SM: 64
Total Cores: 5120
Warp Size: 32
Max Threads per Block: 1024
Max Threads per MP: 2048
Concurrent Kernels: 1
PCI Bus ID: 219
PCI Device ID: 0
Memory Usage: 620 MB / 16144 MB
Memory Free: 96%
ECC Enabled: Yes
=====================================

Available GPUs: 2
No image provided, creating test image WITH NOISE
Creating test image WITH NOISE (610x381)
Test image created with random noise (5% pixels affected)
Image loaded: 610x381 (3 channels)
Total pixels: 232410
Data size: 680 KB

=== PARALLEL PROCESSING RESULTS ===

--- blur FILTER ---
Parallel execution: GPU0=190 rows (49%), GPU1=191 rows (50%)
GPU 0 Time: 0.401 ms
GPU 1 Time: 0.263 ms
Performance Ratio (GPU0/GPU1): 1.52471x
Total Parallel Time: 6.17 ms
Theoretical Min Time: 0.401 ms
Speedup: 0.0649919x
Efficiency: 3.24959%
ANALYSIS: GPU 0 is 1.52471x slower than GPU 1
POSSIBLE REASONS: Different PCIe slots, background processes, thermal throttling
Saved: technical_with_noise_blur.png

--- edge FILTER ---
Parallel execution: GPU0=190 rows (49%), GPU1=191 rows (50%)
GPU 0 Time: 0.308 ms
GPU 1 Time: 0.293 ms
Performance Ratio (GPU0/GPU1): 1.05119x
Total Parallel Time: 6.514 ms
Theoretical Min Time: 0.308 ms
Speedup: 0.0472828x
Efficiency: 2.36414%
ANALYSIS: GPUs have similar performance
Saved: technical_with_noise_edge.png

--- denoise FILTER ---
Parallel execution: GPU0=190 rows (49%), GPU1=191 rows (50%)
GPU 0 Time: 0.419 ms
GPU 1 Time: 0.326 ms
Performance Ratio (GPU0/GPU1): 1.28528x
Total Parallel Time: 5.397 ms
Theoretical Min Time: 0.419 ms
Speedup: 0.0776357x
Efficiency: 3.88179%
ANALYSIS: GPUs have similar performance
Saved: technical_with_noise_denoise.png

=== TECHNICAL ANALYSIS WITH NOISE COMPLETE ===
=== Checking results ===
-rw-rw-r-- 1 mag mag 273188 Nov 20 20:44 technical_with_noise_blur.png
-rw-rw-r-- 1 mag mag  15578 Nov 20 20:44 technical_with_noise_denoise.png
-rw-rw-r-- 1 mag mag 326256 Nov 20 20:44 technical_with_noise_edge.png
technical_with_noise_blur.png:    PNG image data, 610 x 381, 8-bit/color RGB, non-interlaced
technical_with_noise_denoise.png: PNG image data, 610 x 381, 8-bit/color RGB, non-interlaced
technical_with_noise_edge.png:    PNG image data, 610 x 381, 8-bit/color RGB, non-interlaced
-rw-rw-r-- 1 mag mag 267K Nov 20 20:44 technical_with_noise_blur.png
-rw-rw-r-- 1 mag mag  16K Nov 20 20:44 technical_with_noise_denoise.png
-rw-rw-r-- 1 mag mag 319K Nov 20 20:44 technical_with_noise_edge.png
=== Job completed ===
